<?xml version="1.0" encoding="UTF-8"?>
<testsuite name="CeaserCipherTest" tests="1" skipped="0" failures="0" errors="0" timestamp="2020-01-28T11:54:46" hostname="moringadaniel" time="0.002">
  <properties/>
  <testcase name="check_Encription_of_SpacesAnd" classname="CeaserCipherTest" time="0.002"/>
  <system-out><![CDATA[]]></system-out>
  <system-err><![CDATA[]]></system-err>
</testsuite>
