<?xml version="1.0" encoding="UTF-8"?>
<testsuite name="CeaserCipherTest" tests="1" skipped="0" failures="0" errors="0" timestamp="2020-01-28T11:28:01" hostname="moringadaniel" time="0.004">
  <properties/>
  <testcase name="check_encription_ofMorethanOneString" classname="CeaserCipherTest" time="0.004"/>
  <system-out><![CDATA[]]></system-out>
  <system-err><![CDATA[]]></system-err>
</testsuite>
