<?xml version="1.0" encoding="UTF-8"?>
<testsuite name="CeaserDecipherTest" tests="1" skipped="0" failures="0" errors="0" timestamp="2020-01-28T15:17:07" hostname="moringadaniel" time="0.002">
  <properties/>
  <testcase name="checkForSpace" classname="CeaserDecipherTest" time="0.002"/>
  <system-out><![CDATA[]]></system-out>
  <system-err><![CDATA[]]></system-err>
</testsuite>
