<?xml version="1.0" encoding="UTF-8"?>
<testsuite name="CeaserCipherTest" tests="1" skipped="0" failures="0" errors="0" timestamp="2020-01-28T10:25:33" hostname="moringadaniel" time="0.001">
  <properties/>
  <testcase name="checkFor_AnInstanceOfAn_integer" classname="CeaserCipherTest" time="0.001"/>
  <system-out><![CDATA[]]></system-out>
  <system-err><![CDATA[]]></system-err>
</testsuite>
